0 info it worked if it ends with ok
1 verbose cli [ 'node', '/usr/local/bin/npm', 'install', '-g', 'wellknown' ]
2 info using npm@1.4.28
3 info using node@v0.10.34
4 verbose cache add [ 'wellknown', null ]
5 verbose cache add name=undefined spec="wellknown" args=["wellknown",null]
6 verbose parsed url { protocol: null,
6 verbose parsed url   slashes: null,
6 verbose parsed url   auth: null,
6 verbose parsed url   host: null,
6 verbose parsed url   port: null,
6 verbose parsed url   hostname: null,
6 verbose parsed url   hash: null,
6 verbose parsed url   search: null,
6 verbose parsed url   query: null,
6 verbose parsed url   pathname: 'wellknown',
6 verbose parsed url   path: 'wellknown',
6 verbose parsed url   href: 'wellknown' }
7 silly lockFile 2eb0738c-wellknown wellknown
8 verbose lock wellknown /Users/conantp/.npm/2eb0738c-wellknown.lock
9 silly lockFile 2eb0738c-wellknown wellknown
10 silly lockFile 2eb0738c-wellknown wellknown
11 verbose addNamed [ 'wellknown', '' ]
12 verbose addNamed [ null, '*' ]
13 silly lockFile 0a31b2b1-wellknown wellknown@
14 verbose lock wellknown@ /Users/conantp/.npm/0a31b2b1-wellknown.lock
15 silly addNameRange { name: 'wellknown', range: '*', hasData: false }
16 verbose request where is /wellknown
17 verbose request registry https://registry.npmjs.org/
18 verbose request id 4889c197bb142287
19 verbose url raw /wellknown
20 verbose url resolving [ 'https://registry.npmjs.org/', './wellknown' ]
21 verbose url resolved https://registry.npmjs.org/wellknown
22 verbose request where is https://registry.npmjs.org/wellknown
23 info trying registry request attempt 1 at 20:01:49
24 http GET https://registry.npmjs.org/wellknown
25 http 200 https://registry.npmjs.org/wellknown
26 silly registry.get cb [ 200,
26 silly registry.get   { date: 'Fri, 20 Mar 2015 00:01:49 GMT',
26 silly registry.get     server: 'CouchDB/1.5.0 (Erlang OTP/R16B03)',
26 silly registry.get     etag: '"DJDA0FERMRJ9Y9HCKQ5N5QMX2"',
26 silly registry.get     'content-type': 'application/json',
26 silly registry.get     'cache-control': 'max-age=60',
26 silly registry.get     'content-length': '10184',
26 silly registry.get     'accept-ranges': 'bytes',
26 silly registry.get     via: '1.1 varnish',
26 silly registry.get     age: '0',
26 silly registry.get     'x-served-by': 'cache-jfk1033-JFK',
26 silly registry.get     'x-cache': 'MISS',
26 silly registry.get     'x-cache-hits': '0',
26 silly registry.get     'x-timer': 'S1426809709.132784,VS0,VE92',
26 silly registry.get     vary: 'Accept',
26 silly registry.get     'keep-alive': 'timeout=10, max=50',
26 silly registry.get     connection: 'Keep-Alive' } ]
27 silly addNameRange number 2 { name: 'wellknown', range: '*', hasData: true }
28 silly addNameRange versions [ 'wellknown',
28 silly addNameRange   [ '0.0.0',
28 silly addNameRange     '0.1.0',
28 silly addNameRange     '0.1.1',
28 silly addNameRange     '0.1.2',
28 silly addNameRange     '0.1.3',
28 silly addNameRange     '0.2.0',
28 silly addNameRange     '0.3.0',
28 silly addNameRange     '0.3.1' ] ]
29 verbose addNamed [ 'wellknown', '0.3.1' ]
30 verbose addNamed [ '0.3.1', '0.3.1' ]
31 silly lockFile 571a27f5-wellknown-0-3-1 wellknown@0.3.1
32 verbose lock wellknown@0.3.1 /Users/conantp/.npm/571a27f5-wellknown-0-3-1.lock
33 silly lockFile 22e8a4c4-rg-wellknown-wellknown-0-3-1-tgz https://registry.npmjs.org/wellknown/-/wellknown-0.3.1.tgz
34 verbose lock https://registry.npmjs.org/wellknown/-/wellknown-0.3.1.tgz /Users/conantp/.npm/22e8a4c4-rg-wellknown-wellknown-0-3-1-tgz.lock
35 verbose addRemoteTarball [ 'https://registry.npmjs.org/wellknown/-/wellknown-0.3.1.tgz',
35 verbose addRemoteTarball   '7856d34584653ea25c9ed06919f228a11b56cdc1' ]
36 info retry fetch attempt 1 at 20:01:49
37 verbose fetch to= /var/folders/db/dvlvm3s10rngsv0lfxcqbdvc0000gn/T/npm-33780-7-UjpFbd/registry.npmjs.org/wellknown/-/wellknown-0.3.1.tgz
38 http GET https://registry.npmjs.org/wellknown/-/wellknown-0.3.1.tgz
39 http 200 https://registry.npmjs.org/wellknown/-/wellknown-0.3.1.tgz
40 silly lockFile 22e8a4c4-rg-wellknown-wellknown-0-3-1-tgz https://registry.npmjs.org/wellknown/-/wellknown-0.3.1.tgz
41 silly lockFile 22e8a4c4-rg-wellknown-wellknown-0-3-1-tgz https://registry.npmjs.org/wellknown/-/wellknown-0.3.1.tgz
42 silly lockFile 571a27f5-wellknown-0-3-1 wellknown@0.3.1
43 silly lockFile 571a27f5-wellknown-0-3-1 wellknown@0.3.1
44 silly lockFile 0a31b2b1-wellknown wellknown@
45 silly lockFile 0a31b2b1-wellknown wellknown@
46 silly resolved [ { name: 'wellknown',
46 silly resolved     version: '0.3.1',
46 silly resolved     description: 'convert wkt to geojson',
46 silly resolved     main: 'index.js',
46 silly resolved     scripts:
46 silly resolved      { test: 'tape test/*.js',
46 silly resolved        cov: 'istanbul cover node_modules/.bin/tape --report lcovonly test/*.js && coveralls < ./coverage/lcov.info' },
46 silly resolved     bin: { wellknown: 'cli.js' },
46 silly resolved     keywords: [ 'wkt', 'geojson', 'maps' ],
46 silly resolved     author: { name: 'Tom MacWright' },
46 silly resolved     repository: { type: 'git', url: 'https://github.com/mapbox/wellknown.git' },
46 silly resolved     license: 'BSD',
46 silly resolved     devDependencies:
46 silly resolved      { tape: '~2.4.2',
46 silly resolved        fuzzer: '~0.1.0',
46 silly resolved        istanbul: '~0.2.11',
46 silly resolved        coveralls: '~2.10.0' },
46 silly resolved     dependencies: { 'concat-stream': '~1.4.5', minimist: '0.0.2' },
46 silly resolved     gitHead: '73402ef6f2ec16ba5780ffcb749530f0d0b5be14',
46 silly resolved     bugs: { url: 'https://github.com/mapbox/wellknown/issues' },
46 silly resolved     homepage: 'https://github.com/mapbox/wellknown',
46 silly resolved     _id: 'wellknown@0.3.1',
46 silly resolved     _shasum: '7856d34584653ea25c9ed06919f228a11b56cdc1',
46 silly resolved     _from: 'wellknown@',
46 silly resolved     _npmVersion: '2.1.14',
46 silly resolved     _nodeVersion: '0.10.34',
46 silly resolved     _npmUser: { name: 'tmcw', email: 'tom@macwright.org' },
46 silly resolved     maintainers: [ [Object] ],
46 silly resolved     dist:
46 silly resolved      { shasum: '7856d34584653ea25c9ed06919f228a11b56cdc1',
46 silly resolved        tarball: 'http://registry.npmjs.org/wellknown/-/wellknown-0.3.1.tgz' },
46 silly resolved     directories: {},
46 silly resolved     _resolved: 'https://registry.npmjs.org/wellknown/-/wellknown-0.3.1.tgz' } ]
47 info install wellknown@0.3.1 into /usr/local/lib
48 info installOne wellknown@0.3.1
49 verbose lib/node_modules/wellknown unbuild
50 verbose tar unpack /Users/conantp/.npm/wellknown/0.3.1/package.tgz
51 silly lockFile f2e07c96-local-lib-node-modules-wellknown tar:///usr/local/lib/node_modules/wellknown
52 verbose lock tar:///usr/local/lib/node_modules/wellknown /Users/conantp/.npm/f2e07c96-local-lib-node-modules-wellknown.lock
53 silly lockFile 99954947--npm-wellknown-0-3-1-package-tgz tar:///Users/conantp/.npm/wellknown/0.3.1/package.tgz
54 verbose lock tar:///Users/conantp/.npm/wellknown/0.3.1/package.tgz /Users/conantp/.npm/99954947--npm-wellknown-0-3-1-package-tgz.lock
55 silly gunzTarPerm modes [ '755', '644' ]
56 error Error: EACCES, mkdir '/usr/local/lib/node_modules/wellknown'
56 error  { [Error: EACCES, mkdir '/usr/local/lib/node_modules/wellknown']
56 error   errno: 3,
56 error   code: 'EACCES',
56 error   path: '/usr/local/lib/node_modules/wellknown',
56 error   fstream_type: 'Directory',
56 error   fstream_path: '/usr/local/lib/node_modules/wellknown',
56 error   fstream_class: 'DirWriter',
56 error   fstream_stack:
56 error    [ '/usr/local/lib/node_modules/npm/node_modules/fstream/lib/dir-writer.js:36:23',
56 error      '/usr/local/lib/node_modules/npm/node_modules/mkdirp/index.js:46:53',
56 error      'Object.oncomplete (fs.js:108:15)' ] }
57 error Please try running this command again as root/Administrator.
58 error System Darwin 14.3.0
59 error command "node" "/usr/local/bin/npm" "install" "-g" "wellknown"
60 error cwd /Users/conantp/Projects/node/wkttogeojson
61 error node -v v0.10.34
62 error npm -v 1.4.28
63 error path /usr/local/lib/node_modules/wellknown
64 error fstream_path /usr/local/lib/node_modules/wellknown
65 error fstream_type Directory
66 error fstream_class DirWriter
67 error code EACCES
68 error errno 3
69 error stack Error: EACCES, mkdir '/usr/local/lib/node_modules/wellknown'
70 error fstream_stack /usr/local/lib/node_modules/npm/node_modules/fstream/lib/dir-writer.js:36:23
70 error fstream_stack /usr/local/lib/node_modules/npm/node_modules/mkdirp/index.js:46:53
70 error fstream_stack Object.oncomplete (fs.js:108:15)
71 verbose exit [ 3, true ]
